build/app/intermediates/manifest_merge_blame_file/debug/manifest-merger-blame-debug-report.txt
1<?xml version="1.0" encoding="utf-8"?>
2<manifest xmlns:android="http://schemas.android.com/apk/res/android"
3    package="com.shipping.fryghthub"
4    android:versionCode="1"
5    android:versionName="1.0.0" >
6
7    <uses-sdk
8        android:minSdkVersion="20"
9        android:targetSdkVersion="30" />
10    <!--
11         Flutter needs it to communicate with the running application
12         to allow setting breakpoints, to provide hot reload, etc.
13    -->
14    <uses-permission android:name="android.permission.INTERNET" />
14-->src\main\AndroidManifest.xml:3:5-66
14-->src\main\AndroidManifest.xml:3:22-64
15    <!-- Include required permissions for Google Maps API to run. -->
16    <uses-permission android:name="android.permission.ACCESS_NETWORK_STATE" />
16-->[com.google.android.gms:play-services-maps:17.0.0] AndroidManifest.xml:23:5-79
16-->[com.google.android.gms:play-services-maps:17.0.0] AndroidManifest.xml:23:22-76
17
18    <uses-feature
18-->[com.google.android.gms:play-services-maps:17.0.0] AndroidManifest.xml:26:5-28:35
19        android:glEsVersion="0x00020000"
19-->[com.google.android.gms:play-services-maps:17.0.0] AndroidManifest.xml:27:9-41
20        android:required="true" />
20-->[com.google.android.gms:play-services-maps:17.0.0] AndroidManifest.xml:28:9-32
21
22    <uses-permission android:name="com.google.android.finsky.permission.BIND_GET_INSTALL_REFERRER_SERVICE" />
22-->[com.android.installreferrer:installreferrer:1.0] AndroidManifest.xml:9:5-110
22-->[com.android.installreferrer:installreferrer:1.0] AndroidManifest.xml:9:22-107
23
24    <application
24-->src\main\AndroidManifest.xml:4:5-63:19
25        android:name="androidx.multidex.MultiDexApplication"
26        android:appComponentFactory="androidx.core.app.CoreComponentFactory"
26-->[androidx.core:core:1.3.2] AndroidManifest.xml:24:18-86
27        android:debuggable="true"
28        android:icon="@mipmap/ic_launcher"
28-->src\main\AndroidManifest.xml:6:9-43
29        android:label="fryghthub"
29-->src\main\AndroidManifest.xml:5:9-34
30        android:supportsRtl="true" >
30-->[com.facebook.android:facebook-login:11.0.0] AndroidManifest.xml:28:18-44
31        <meta-data
31-->src\main\AndroidManifest.xml:7:9-8:70
32            android:name="com.google.android.geo.API_KEY"
32-->src\main\AndroidManifest.xml:7:20-65
33            android:value="AIzaSyD3Lp4U36Ub1wT54HPji5gd9JoPfsbtRsE" />
33-->src\main\AndroidManifest.xml:8:13-68
34
35        <activity
35-->src\main\AndroidManifest.xml:9:9-37:20
36            android:name="com.shipping.fryghthub.MainActivity"
36-->src\main\AndroidManifest.xml:10:13-41
37            android:configChanges="orientation|keyboardHidden|keyboard|screenSize|smallestScreenSize|locale|layoutDirection|fontScale|screenLayout|density|uiMode"
37-->src\main\AndroidManifest.xml:13:13-163
38            android:hardwareAccelerated="true"
38-->src\main\AndroidManifest.xml:14:13-47
39            android:launchMode="singleTop"
39-->src\main\AndroidManifest.xml:11:13-43
40            android:theme="@style/LaunchTheme"
40-->src\main\AndroidManifest.xml:12:13-47
41            android:windowSoftInputMode="adjustResize" >
41-->src\main\AndroidManifest.xml:15:13-55
42
43            <!--
44                 Specifies an Android theme to apply to this Activity as soon as
45                 the Android process has started. This theme is visible to the user
46                 while the Flutter UI initializes. After that, this theme continues
47                 to determine the Window background behind the Flutter UI.
48            -->
49            <meta-data
49-->src\main\AndroidManifest.xml:20:13-23:17
50                android:name="io.flutter.embedding.android.NormalTheme"
50-->src\main\AndroidManifest.xml:21:15-70
51                android:resource="@style/NormalTheme" />
51-->src\main\AndroidManifest.xml:22:15-52
52            <!--
53                 Displays an Android View that continues showing the launch screen
54                 Drawable until Flutter paints its first frame, then this splash
55                 screen fades out. A splash screen is useful to avoid any visual
56                 gap between the end of Android's launch screen and the painting of
57                 Flutter's first frame.
58            -->
59            <meta-data
59-->src\main\AndroidManifest.xml:29:13-32:17
60                android:name="io.flutter.embedding.android.SplashScreenDrawable"
60-->src\main\AndroidManifest.xml:30:15-79
61                android:resource="@drawable/launch_background" />
61-->src\main\AndroidManifest.xml:31:15-61
62
63            <intent-filter>
63-->src\main\AndroidManifest.xml:33:13-36:29
64                <action android:name="android.intent.action.MAIN" />
64-->src\main\AndroidManifest.xml:34:17-68
64-->src\main\AndroidManifest.xml:34:25-66
65
66                <category android:name="android.intent.category.LAUNCHER" />
66-->src\main\AndroidManifest.xml:35:17-76
66-->src\main\AndroidManifest.xml:35:27-74
67            </intent-filter>
68        </activity>
69        <!--
70             Don't delete the meta-data below.
71             This is used by the Flutter tool to generate GeneratedPluginRegistrant.java
72        -->
73
74        <meta-data
74-->src\main\AndroidManifest.xml:41:9-43:33
75            android:name="flutterEmbedding"
75-->src\main\AndroidManifest.xml:42:13-44
76            android:value="2" />
76-->src\main\AndroidManifest.xml:43:13-30
77        <meta-data
77-->src\main\AndroidManifest.xml:45:9-46:54
78            android:name="com.facebook.sdk.ApplicationId"
78-->src\main\AndroidManifest.xml:45:20-65
79            android:value="@string/facebook_app_id" />
79-->src\main\AndroidManifest.xml:46:13-52
80
81        <activity
81-->src\main\AndroidManifest.xml:48:9-51:48
82            android:name="com.facebook.FacebookActivity"
82-->src\main\AndroidManifest.xml:48:19-63
83            android:configChanges="keyboard|keyboardHidden|screenLayout|screenSize|orientation"
83-->src\main\AndroidManifest.xml:49:13-114
84            android:label="@string/app_name"
84-->src\main\AndroidManifest.xml:51:13-45
85            android:theme="@style/com_facebook_activity_theme" />
85-->[com.facebook.android:facebook-common:11.0.0] AndroidManifest.xml:33:13-63
86        <activity
86-->src\main\AndroidManifest.xml:52:9-61:20
87            android:name="com.facebook.CustomTabActivity"
87-->src\main\AndroidManifest.xml:53:13-58
88            android:exported="true" >
88-->src\main\AndroidManifest.xml:54:13-36
89            <intent-filter>
89-->src\main\AndroidManifest.xml:55:13-60:29
90                <action android:name="android.intent.action.VIEW" />
90-->src\main\AndroidManifest.xml:56:17-69
90-->src\main\AndroidManifest.xml:56:25-66
91
92                <category android:name="android.intent.category.DEFAULT" />
92-->src\main\AndroidManifest.xml:57:17-76
92-->src\main\AndroidManifest.xml:57:27-73
93                <category android:name="android.intent.category.BROWSABLE" />
93-->src\main\AndroidManifest.xml:58:17-78
93-->src\main\AndroidManifest.xml:58:27-75
94
95                <data android:scheme="@string/fb_login_protocol_scheme" />
95-->src\main\AndroidManifest.xml:59:17-75
95-->src\main\AndroidManifest.xml:59:23-72
96            </intent-filter>
97            <intent-filter>
97-->[com.facebook.android:facebook-common:11.0.0] AndroidManifest.xml:39:13-48:29
98                <action android:name="android.intent.action.VIEW" />
98-->src\main\AndroidManifest.xml:56:17-69
98-->src\main\AndroidManifest.xml:56:25-66
99
100                <category android:name="android.intent.category.DEFAULT" />
100-->src\main\AndroidManifest.xml:57:17-76
100-->src\main\AndroidManifest.xml:57:27-73
101                <category android:name="android.intent.category.BROWSABLE" />
101-->src\main\AndroidManifest.xml:58:17-78
101-->src\main\AndroidManifest.xml:58:27-75
102
103                <data
103-->src\main\AndroidManifest.xml:59:17-75
104                    android:host="cct.com.shipping.fryghthub"
105                    android:scheme="fbconnect" />
105-->src\main\AndroidManifest.xml:59:23-72
106            </intent-filter>
107        </activity>
108
109        <!-- Needs to be explicitly declared on P+ -->
110        <uses-library
110-->[com.google.android.gms:play-services-maps:17.0.0] AndroidManifest.xml:33:9-35:40
111            android:name="org.apache.http.legacy"
111-->[com.google.android.gms:play-services-maps:17.0.0] AndroidManifest.xml:34:13-50
112            android:required="false" />
112-->[com.google.android.gms:play-services-maps:17.0.0] AndroidManifest.xml:35:13-37
113
114        <activity
114-->[com.google.android.gms:play-services-auth:16.0.1] AndroidManifest.xml:23:9-27:75
115            android:name="com.google.android.gms.auth.api.signin.internal.SignInHubActivity"
115-->[com.google.android.gms:play-services-auth:16.0.1] AndroidManifest.xml:24:13-93
116            android:excludeFromRecents="true"
116-->[com.google.android.gms:play-services-auth:16.0.1] AndroidManifest.xml:25:13-46
117            android:exported="false"
117-->[com.google.android.gms:play-services-auth:16.0.1] AndroidManifest.xml:26:13-37
118            android:theme="@android:style/Theme.Translucent.NoTitleBar" />
118-->[com.google.android.gms:play-services-auth:16.0.1] AndroidManifest.xml:27:13-72
119        <!--
120            Service handling Google Sign-In user revocation. For apps that do not integrate with
121            Google Sign-In, this service will never be started.
122        -->
123        <service
123-->[com.google.android.gms:play-services-auth:16.0.1] AndroidManifest.xml:33:9-36:110
124            android:name="com.google.android.gms.auth.api.signin.RevocationBoundService"
124-->[com.google.android.gms:play-services-auth:16.0.1] AndroidManifest.xml:34:13-89
125            android:exported="true"
125-->[com.google.android.gms:play-services-auth:16.0.1] AndroidManifest.xml:35:13-36
126            android:permission="com.google.android.gms.auth.api.signin.permission.REVOCATION_NOTIFICATION" />
126-->[com.google.android.gms:play-services-auth:16.0.1] AndroidManifest.xml:36:13-107
127
128        <activity
128-->[com.google.android.gms:play-services-base:17.0.0] AndroidManifest.xml:23:9-26:75
129            android:name="com.google.android.gms.common.api.GoogleApiActivity"
129-->[com.google.android.gms:play-services-base:17.0.0] AndroidManifest.xml:24:13-79
130            android:exported="false"
130-->[com.google.android.gms:play-services-base:17.0.0] AndroidManifest.xml:25:13-37
131            android:theme="@android:style/Theme.Translucent.NoTitleBar" />
131-->[com.google.android.gms:play-services-base:17.0.0] AndroidManifest.xml:26:13-72
132
133        <meta-data
133-->[com.google.android.gms:play-services-basement:17.0.0] AndroidManifest.xml:23:9-25:69
134            android:name="com.google.android.gms.version"
134-->[com.google.android.gms:play-services-basement:17.0.0] AndroidManifest.xml:24:13-58
135            android:value="@integer/google_play_services_version" />
135-->[com.google.android.gms:play-services-basement:17.0.0] AndroidManifest.xml:25:13-66
136
137        <activity android:name="com.facebook.CustomTabMainActivity" />
137-->[com.facebook.android:facebook-common:11.0.0] AndroidManifest.xml:34:9-71
137-->[com.facebook.android:facebook-common:11.0.0] AndroidManifest.xml:34:19-68
138        <!--
139         The initialization ContentProvider will call FacebookSdk.sdkInitialize automatically
140         with the application context. This config is merged in with the host app's manifest,
141         but there can only be one provider with the same authority activated at any given
142         point; so if the end user has two or more different apps that use Facebook SDK, only the
143         first one will be able to use the provider. To work around this problem, we use the
144         following placeholder in the authority to identify each host application as if it was
145         a completely different provider.
146        -->
147        <provider
147-->[com.facebook.android:facebook-core:11.0.0] AndroidManifest.xml:39:9-42:40
148            android:name="com.facebook.internal.FacebookInitProvider"
148-->[com.facebook.android:facebook-core:11.0.0] AndroidManifest.xml:40:13-70
149            android:authorities="com.shipping.fryghthub.FacebookInitProvider"
149-->[com.facebook.android:facebook-core:11.0.0] AndroidManifest.xml:41:13-72
150            android:exported="false" />
150-->[com.facebook.android:facebook-core:11.0.0] AndroidManifest.xml:42:13-37
151
152        <receiver
152-->[com.facebook.android:facebook-core:11.0.0] AndroidManifest.xml:44:9-50:20
153            android:name="com.facebook.CurrentAccessTokenExpirationBroadcastReceiver"
153-->[com.facebook.android:facebook-core:11.0.0] AndroidManifest.xml:45:13-86
154            android:exported="false" >
154-->[com.facebook.android:facebook-core:11.0.0] AndroidManifest.xml:46:13-37
155            <intent-filter>
155-->[com.facebook.android:facebook-core:11.0.0] AndroidManifest.xml:47:13-49:29
156                <action android:name="com.facebook.sdk.ACTION_CURRENT_ACCESS_TOKEN_CHANGED" />
156-->[com.facebook.android:facebook-core:11.0.0] AndroidManifest.xml:48:17-95
156-->[com.facebook.android:facebook-core:11.0.0] AndroidManifest.xml:48:25-92
157            </intent-filter>
158        </receiver>
159    </application>
160
161</manifest>